# JRE version: OpenJDK Runtime Environment (23.0.1+11) (build 23.0.1+11-39)
# Java VM: OpenJDK 64-Bit Server VM (23.0.1+11-39, mixed mode, sharing, tiered, compressed oops, compressed class ptrs, parallel gc, windows-amd64)
GC Precious Log:
 CardTable entry size: 512
 CPUs: 20 total, 20 available
 Memory: 32509M
 Large Page Support: Disabled
 NUMA Support: Disabled
 Compressed Oops: Enabled (32-bit)
 Alignments: Space 512K, Generation 512K, Heap 2M
 Heap Min Capacity: 100M
 Heap Initial Capacity: 100M
 Heap Max Capacity: 1G
 Pre-touch: Disabled
 Parallel Workers: 15
Heap:
 PSYoungGen      total 27648K, used 4282K [0x00000000eab00000, 0x00000000ecc00000, 0x0000000100000000)
  eden space 23040K, 1% used [0x00000000eab00000,0x00000000eab70708,0x00000000ec180000)
  from space 4608K, 83% used [0x00000000ec180000,0x00000000ec53e358,0x00000000ec600000)
  to   space 4096K, 0% used [0x00000000ec800000,0x00000000ec800000,0x00000000ecc00000)
 ParOldGen       total 130048K, used 129780K [0x00000000c0000000, 0x00000000c7f00000, 0x00000000eab00000)
  object space 130048K, 99% used [0x00000000c0000000,0x00000000c7ebd2f8,0x00000000c7f00000)
 Metaspace       used 52636K, committed 53824K, reserved 1114112K
  class space    used 5735K, committed 6272K, reserved 1048576K
GC Heap History (20 events):
Event: 2.698 GC heap before
{Heap before GC invocations=30 (full 2):
 PSYoungGen      total 27136K, used 27020K [0x00000000eab00000, 0x00000000ecd80000, 0x0000000100000000)
  eden space 22016K, 100% used [0x00000000eab00000,0x00000000ec080000,0x00000000ec080000)
  from space 5120K, 97% used [0x00000000ec100000,0x00000000ec5e32f8,0x00000000ec600000)
  to   space 6656K, 0% used [0x00000000ec700000,0x00000000ec700000,0x00000000ecd80000)
 ParOldGen       total 78848K, used 78713K [0x00000000c0000000, 0x00000000c4d00000, 0x00000000eab00000)
  object space 78848K, 99% used [0x00000000c0000000,0x00000000c4cde488,0x00000000c4d00000)
 Metaspace       used 48400K, committed 49664K, reserved 1114112K
  class space    used 5184K, committed 5760K, reserved 1048576K
}
Event: 2.700 GC heap after
{Heap after GC invocations=30 (full 2):
 PSYoungGen      total 27136K, used 4722K [0x00000000eab00000, 0x00000000ecc00000, 0x0000000100000000)
  eden space 22016K, 0% used [0x00000000eab00000,0x00000000eab00000,0x00000000ec080000)
  from space 5120K, 92% used [0x00000000ec700000,0x00000000ecb9c838,0x00000000ecc00000)
  to   space 5120K, 0% used [0x00000000ec100000,0x00000000ec100000,0x00000000ec600000)
 ParOldGen       total 83456K, used 83002K [0x00000000c0000000, 0x00000000c5180000, 0x00000000eab00000)
  object space 83456K, 99% used [0x00000000c0000000,0x00000000c510e8c0,0x00000000c5180000)
 Metaspace       used 48400K, committed 49664K, reserved 1114112K
  class space    used 5184K, committed 5760K, reserved 1048576K
}
Event: 2.725 GC heap before
{Heap before GC invocations=31 (full 2):
 PSYoungGen      total 27136K, used 26738K [0x00000000eab00000, 0x00000000ecc00000, 0x0000000100000000)
  eden space 22016K, 100% used [0x00000000eab00000,0x00000000ec080000,0x00000000ec080000)
  from space 5120K, 92% used [0x00000000ec700000,0x00000000ecb9c838,0x00000000ecc00000)
  to   space 5120K, 0% used [0x00000000ec100000,0x00000000ec100000,0x00000000ec600000)
 ParOldGen       total 83456K, used 83002K [0x00000000c0000000, 0x00000000c5180000, 0x00000000eab00000)
  object space 83456K, 99% used [0x00000000c0000000,0x00000000c510e8c0,0x00000000c5180000)
 Metaspace       used 48720K, committed 49920K, reserved 1114112K
  class space    used 5221K, committed 5760K, reserved 1048576K
}
Event: 2.726 GC heap after
{Heap after GC invocations=31 (full 2):
 PSYoungGen      total 27136K, used 4833K [0x00000000eab00000, 0x00000000ecc00000, 0x0000000100000000)
  eden space 22016K, 0% used [0x00000000eab00000,0x00000000eab00000,0x00000000ec080000)
  from space 5120K, 94% used [0x00000000ec100000,0x00000000ec5b86f8,0x00000000ec600000)
  to   space 5120K, 0% used [0x00000000ec700000,0x00000000ec700000,0x00000000ecc00000)
 ParOldGen       total 87552K, used 87346K [0x00000000c0000000, 0x00000000c5580000, 0x00000000eab00000)
  object space 87552K, 99% used [0x00000000c0000000,0x00000000c554c960,0x00000000c5580000)
 Metaspace       used 48720K, committed 49920K, reserved 1114112K
  class space    used 5221K, committed 5760K, reserved 1048576K
}
Event: 2.755 GC heap before
{Heap before GC invocations=32 (full 2):
 PSYoungGen      total 27136K, used 26849K [0x00000000eab00000, 0x00000000ecc00000, 0x0000000100000000)
  eden space 22016K, 100% used [0x00000000eab00000,0x00000000ec080000,0x00000000ec080000)
  from space 5120K, 94% used [0x00000000ec100000,0x00000000ec5b86f8,0x00000000ec600000)
  to   space 5120K, 0% used [0x00000000ec700000,0x00000000ec700000,0x00000000ecc00000)
 ParOldGen       total 87552K, used 87346K [0x00000000c0000000, 0x00000000c5580000, 0x00000000eab00000)
  object space 87552K, 99% used [0x00000000c0000000,0x00000000c554c960,0x00000000c5580000)
 Metaspace       used 48926K, committed 50112K, reserved 1114112K
  class space    used 5245K, committed 5760K, reserved 1048576K
}
Event: 2.756 GC heap after
{Heap after GC invocations=32 (full 2):
 PSYoungGen      total 27136K, used 4962K [0x00000000eab00000, 0x00000000ecc00000, 0x0000000100000000)
  eden space 22016K, 0% used [0x00000000eab00000,0x00000000eab00000,0x00000000ec080000)
  from space 5120K, 96% used [0x00000000ec700000,0x00000000ecbd8a48,0x00000000ecc00000)
  to   space 5120K, 0% used [0x00000000ec100000,0x00000000ec100000,0x00000000ec600000)
 ParOldGen       total 92160K, used 91707K [0x00000000c0000000, 0x00000000c5a00000, 0x00000000eab00000)
  object space 92160K, 99% used [0x00000000c0000000,0x00000000c598eea8,0x00000000c5a00000)
 Metaspace       used 48926K, committed 50112K, reserved 1114112K
  class space    used 5245K, committed 5760K, reserved 1048576K
}
Event: 2.782 GC heap before
{Heap before GC invocations=33 (full 2):
 PSYoungGen      total 27136K, used 26978K [0x00000000eab00000, 0x00000000ecc00000, 0x0000000100000000)
  eden space 22016K, 100% used [0x00000000eab00000,0x00000000ec080000,0x00000000ec080000)
  from space 5120K, 96% used [0x00000000ec700000,0x00000000ecbd8a48,0x00000000ecc00000)
  to   space 5120K, 0% used [0x00000000ec100000,0x00000000ec100000,0x00000000ec600000)
 ParOldGen       total 92160K, used 91707K [0x00000000c0000000, 0x00000000c5a00000, 0x00000000eab00000)
  object space 92160K, 99% used [0x00000000c0000000,0x00000000c598ef00,0x00000000c5a00000)
 Metaspace       used 49236K, committed 50432K, reserved 1114112K
  class space    used 5295K, committed 5824K, reserved 1048576K
}
Event: 2.783 GC heap after
{Heap after GC invocations=33 (full 2):
 PSYoungGen      total 27136K, used 4734K [0x00000000eab00000, 0x00000000ecc00000, 0x0000000100000000)
  eden space 22016K, 0% used [0x00000000eab00000,0x00000000eab00000,0x00000000ec080000)
  from space 5120K, 92% used [0x00000000ec100000,0x00000000ec59f8c8,0x00000000ec600000)
  to   space 5120K, 0% used [0x00000000ec700000,0x00000000ec700000,0x00000000ecc00000)
 ParOldGen       total 96768K, used 96290K [0x00000000c0000000, 0x00000000c5e80000, 0x00000000eab00000)
  object space 96768K, 99% used [0x00000000c0000000,0x00000000c5e08998,0x00000000c5e80000)
 Metaspace       used 49236K, committed 50432K, reserved 1114112K
  class space    used 5295K, committed 5824K, reserved 1048576K
}
Event: 2.813 GC heap before
{Heap before GC invocations=34 (full 2):
 PSYoungGen      total 27136K, used 26750K [0x00000000eab00000, 0x00000000ecc00000, 0x0000000100000000)
  eden space 22016K, 100% used [0x00000000eab00000,0x00000000ec080000,0x00000000ec080000)
  from space 5120K, 92% used [0x00000000ec100000,0x00000000ec59f8c8,0x00000000ec600000)
  to   space 5120K, 0% used [0x00000000ec700000,0x00000000ec700000,0x00000000ecc00000)
 ParOldGen       total 96768K, used 96297K [0x00000000c0000000, 0x00000000c5e80000, 0x00000000eab00000)
  object space 96768K, 99% used [0x00000000c0000000,0x00000000c5e0a728,0x00000000c5e80000)
 Metaspace       used 49645K, committed 50816K, reserved 1114112K
  class space    used 5337K, committed 5888K, reserved 1048576K
}
Event: 2.815 GC heap after
{Heap after GC invocations=34 (full 2):
 PSYoungGen      total 29184K, used 4270K [0x00000000eab00000, 0x00000000ecc00000, 0x0000000100000000)
  eden space 24064K, 0% used [0x00000000eab00000,0x00000000eab00000,0x00000000ec280000)
  from space 5120K, 83% used [0x00000000ec700000,0x00000000ecb2bab0,0x00000000ecc00000)
  to   space 4608K, 0% used [0x00000000ec280000,0x00000000ec280000,0x00000000ec700000)
 ParOldGen       total 100864K, used 100680K [0x00000000c0000000, 0x00000000c6280000, 0x00000000eab00000)
  object space 100864K, 99% used [0x00000000c0000000,0x00000000c62523a0,0x00000000c6280000)
 Metaspace       used 49645K, committed 50816K, reserved 1114112K
  class space    used 5337K, committed 5888K, reserved 1048576K
}
Event: 2.848 GC heap before
{Heap before GC invocations=35 (full 2):
 PSYoungGen      total 29184K, used 28334K [0x00000000eab00000, 0x00000000ecc00000, 0x0000000100000000)
  eden space 24064K, 100% used [0x00000000eab00000,0x00000000ec280000,0x00000000ec280000)
  from space 5120K, 83% used [0x00000000ec700000,0x00000000ecb2bab0,0x00000000ecc00000)
  to   space 4608K, 0% used [0x00000000ec280000,0x00000000ec280000,0x00000000ec700000)
 ParOldGen       total 100864K, used 100680K [0x00000000c0000000, 0x00000000c6280000, 0x00000000eab00000)
  object space 100864K, 99% used [0x00000000c0000000,0x00000000c62523a0,0x00000000c6280000)
 Metaspace       used 50050K, committed 51264K, reserved 1114112K
  class space    used 5417K, committed 5952K, reserved 1048576K
}
Event: 2.850 GC heap after
{Heap after GC invocations=35 (full 2):
 PSYoungGen      total 28160K, used 4601K [0x00000000eab00000, 0x00000000ed600000, 0x0000000100000000)
  eden space 23552K, 0% used [0x00000000eab00000,0x00000000eab00000,0x00000000ec200000)
  from space 4608K, 99% used [0x00000000ec280000,0x00000000ec6fe578,0x00000000ec700000)
  to   space 10240K, 0% used [0x00000000ecc00000,0x00000000ecc00000,0x00000000ed600000)
 ParOldGen       total 105472K, used 105023K [0x00000000c0000000, 0x00000000c6700000, 0x00000000eab00000)
  object space 105472K, 99% used [0x00000000c0000000,0x00000000c668ff48,0x00000000c6700000)
 Metaspace       used 50050K, committed 51264K, reserved 1114112K
  class space    used 5417K, committed 5952K, reserved 1048576K
}
Event: 2.882 GC heap before
{Heap before GC invocations=36 (full 2):
 PSYoungGen      total 28160K, used 28153K [0x00000000eab00000, 0x00000000ed600000, 0x0000000100000000)
  eden space 23552K, 100% used [0x00000000eab00000,0x00000000ec200000,0x00000000ec200000)
  from space 4608K, 99% used [0x00000000ec280000,0x00000000ec6fe578,0x00000000ec700000)
  to   space 10240K, 0% used [0x00000000ecc00000,0x00000000ecc00000,0x00000000ed600000)
 ParOldGen       total 105472K, used 105023K [0x00000000c0000000, 0x00000000c6700000, 0x00000000eab00000)
  object space 105472K, 99% used [0x00000000c0000000,0x00000000c668ff48,0x00000000c6700000)
 Metaspace       used 50333K, committed 51584K, reserved 1114112K
  class space    used 5458K, committed 6016K, reserved 1048576K
}
Event: 2.886 GC heap after
{Heap after GC invocations=36 (full 2):
 PSYoungGen      total 27648K, used 4510K [0x00000000eab00000, 0x00000000ed080000, 0x0000000100000000)
  eden space 23040K, 0% used [0x00000000eab00000,0x00000000eab00000,0x00000000ec180000)
  from space 4608K, 97% used [0x00000000ecc00000,0x00000000ed067a08,0x00000000ed080000)
  to   space 6144K, 0% used [0x00000000ec480000,0x00000000ec480000,0x00000000eca80000)
 ParOldGen       total 110080K, used 109656K [0x00000000c0000000, 0x00000000c6b80000, 0x00000000eab00000)
  object space 110080K, 99% used [0x00000000c0000000,0x00000000c6b163f8,0x00000000c6b80000)
 Metaspace       used 50333K, committed 51584K, reserved 1114112K
  class space    used 5458K, committed 6016K, reserved 1048576K
}
Event: 2.922 GC heap before
{Heap before GC invocations=37 (full 2):
 PSYoungGen      total 27648K, used 27550K [0x00000000eab00000, 0x00000000ed080000, 0x0000000100000000)
  eden space 23040K, 100% used [0x00000000eab00000,0x00000000ec180000,0x00000000ec180000)
  from space 4608K, 97% used [0x00000000ecc00000,0x00000000ed067a08,0x00000000ed080000)
  to   space 6144K, 0% used [0x00000000ec480000,0x00000000ec480000,0x00000000eca80000)
 ParOldGen       total 110080K, used 109656K [0x00000000c0000000, 0x00000000c6b80000, 0x00000000eab00000)
  object space 110080K, 99% used [0x00000000c0000000,0x00000000c6b163f8,0x00000000c6b80000)
 Metaspace       used 50822K, committed 52032K, reserved 1114112K
  class space    used 5512K, committed 6080K, reserved 1048576K
}
Event: 2.924 GC heap after
{Heap after GC invocations=37 (full 2):
 PSYoungGen      total 30720K, used 4587K [0x00000000eab00000, 0x00000000ecc80000, 0x0000000100000000)
  eden space 26112K, 0% used [0x00000000eab00000,0x00000000eab00000,0x00000000ec480000)
  from space 4608K, 99% used [0x00000000ec480000,0x00000000ec8faea0,0x00000000ec900000)
  to   space 3584K, 0% used [0x00000000ec900000,0x00000000ec900000,0x00000000ecc80000)
 ParOldGen       total 114176K, used 113899K [0x00000000c0000000, 0x00000000c6f80000, 0x00000000eab00000)
  object space 114176K, 99% used [0x00000000c0000000,0x00000000c6f3ade8,0x00000000c6f80000)
 Metaspace       used 50822K, committed 52032K, reserved 1114112K
  class space    used 5512K, committed 6080K, reserved 1048576K
}
Event: 2.961 GC heap before
{Heap before GC invocations=38 (full 2):
 PSYoungGen      total 30720K, used 30699K [0x00000000eab00000, 0x00000000ecc80000, 0x0000000100000000)
  eden space 26112K, 100% used [0x00000000eab00000,0x00000000ec480000,0x00000000ec480000)
  from space 4608K, 99% used [0x00000000ec480000,0x00000000ec8faea0,0x00000000ec900000)
  to   space 3584K, 0% used [0x00000000ec900000,0x00000000ec900000,0x00000000ecc80000)
 ParOldGen       total 114176K, used 113899K [0x00000000c0000000, 0x00000000c6f80000, 0x00000000eab00000)
  object space 114176K, 99% used [0x00000000c0000000,0x00000000c6f3ade8,0x00000000c6f80000)
 Metaspace       used 51268K, committed 52416K, reserved 1114112K
  class space    used 5563K, committed 6080K, reserved 1048576K
}
Event: 2.964 GC heap after
{Heap after GC invocations=38 (full 2):
 PSYoungGen      total 24576K, used 3558K [0x00000000eab00000, 0x00000000ed700000, 0x0000000100000000)
  eden space 20992K, 0% used [0x00000000eab00000,0x00000000eab00000,0x00000000ebf80000)
  from space 3584K, 99% used [0x00000000ec900000,0x00000000ecc79bb0,0x00000000ecc80000)
  to   space 9728K, 0% used [0x00000000ebf80000,0x00000000ebf80000,0x00000000ec900000)
 ParOldGen       total 119296K, used 119250K [0x00000000c0000000, 0x00000000c7480000, 0x00000000eab00000)
  object space 119296K, 99% used [0x00000000c0000000,0x00000000c7474a10,0x00000000c7480000)
 Metaspace       used 51268K, committed 52416K, reserved 1114112K
  class space    used 5563K, committed 6080K, reserved 1048576K
}
Event: 2.999 GC heap before
{Heap before GC invocations=39 (full 2):
 PSYoungGen      total 24576K, used 24550K [0x00000000eab00000, 0x00000000ed700000, 0x0000000100000000)
  eden space 20992K, 100% used [0x00000000eab00000,0x00000000ebf80000,0x00000000ebf80000)
  from space 3584K, 99% used [0x00000000ec900000,0x00000000ecc79bb0,0x00000000ecc80000)
  to   space 9728K, 0% used [0x00000000ebf80000,0x00000000ebf80000,0x00000000ec900000)
 ParOldGen       total 119296K, used 119250K [0x00000000c0000000, 0x00000000c7480000, 0x00000000eab00000)
  object space 119296K, 99% used [0x00000000c0000000,0x00000000c7474a10,0x00000000c7480000)
 Metaspace       used 51597K, committed 52800K, reserved 1114112K
  class space    used 5595K, committed 6144K, reserved 1048576K
}
Event: 3.000 GC heap after
{Heap after GC invocations=39 (full 2):
 PSYoungGen      total 25600K, used 4292K [0x00000000eab00000, 0x00000000ecc00000, 0x0000000100000000)
  eden space 20992K, 0% used [0x00000000eab00000,0x00000000eab00000,0x00000000ebf80000)
  from space 4608K, 93% used [0x00000000ebf80000,0x00000000ec3b1320,0x00000000ec400000)
  to   space 6144K, 0% used [0x00000000ec600000,0x00000000ec600000,0x00000000ecc00000)
 ParOldGen       total 122880K, used 122773K [0x00000000c0000000, 0x00000000c7800000, 0x00000000eab00000)
  object space 122880K, 99% used [0x00000000c0000000,0x00000000c77e5458,0x00000000c7800000)
 Metaspace       used 51597K, committed 52800K, reserved 1114112K
  class space    used 5595K, committed 6144K, reserved 1048576K
}

