# JRE version: OpenJDK Runtime Environment (23.0.1+11) (build 23.0.1+11-39)
# Java VM: OpenJDK 64-Bit Server VM (23.0.1+11-39, mixed mode, sharing, tiered, compressed oops, compressed class ptrs, parallel gc, windows-amd64)
GC Precious Log:
 CardTable entry size: 512
 CPUs: 20 total, 20 available
 Memory: 32509M
 Large Page Support: Disabled
 NUMA Support: Disabled
 Compressed Oops: Enabled (32-bit)
 Alignments: Space 512K, Generation 512K, Heap 2M
 Heap Min Capacity: 100M
 Heap Initial Capacity: 100M
 Heap Max Capacity: 1G
 Pre-touch: Disabled
 Parallel Workers: 15
Heap:
 PSYoungGen      total 27136K, used 9705K [0x00000000eab00000, 0x00000000ed480000, 0x0000000100000000)
  eden space 24064K, 27% used [0x00000000eab00000,0x00000000eb180b18,0x00000000ec280000)
  from space 3072K, 99% used [0x00000000eca00000,0x00000000eccf9c08,0x00000000ecd00000)
  to   space 7680K, 0% used [0x00000000ec280000,0x00000000ec280000,0x00000000eca00000)
 ParOldGen       total 68608K, used 36708K [0x00000000c0000000, 0x00000000c4300000, 0x00000000eab00000)
  object space 68608K, 53% used [0x00000000c0000000,0x00000000c23d9170,0x00000000c4300000)
 Metaspace       used 42493K, committed 43584K, reserved 1114112K
  class space    used 4275K, committed 4736K, reserved 1048576K
GC Heap History (20 events):
Event: 1.576 GC heap before
{Heap before GC invocations=12 (full 1):
 PSYoungGen      total 28672K, used 28593K [0x00000000eab00000, 0x00000000ecc80000, 0x0000000100000000)
  eden space 24064K, 100% used [0x00000000eab00000,0x00000000ec280000,0x00000000ec280000)
  from space 4608K, 98% used [0x00000000ec800000,0x00000000ecc6c460,0x00000000ecc80000)
  to   space 5120K, 0% used [0x00000000ec280000,0x00000000ec280000,0x00000000ec780000)
 ParOldGen       total 68608K, used 15594K [0x00000000c0000000, 0x00000000c4300000, 0x00000000eab00000)
  object space 68608K, 22% used [0x00000000c0000000,0x00000000c0f3a958,0x00000000c4300000)
 Metaspace       used 32390K, committed 33472K, reserved 1114112K
  class space    used 3281K, committed 3776K, reserved 1048576K
}
Event: 1.578 GC heap after
{Heap after GC invocations=12 (full 1):
 PSYoungGen      total 29184K, used 2804K [0x00000000eab00000, 0x00000000ecc00000, 0x0000000100000000)
  eden space 24064K, 0% used [0x00000000eab00000,0x00000000eab00000,0x00000000ec280000)
  from space 5120K, 54% used [0x00000000ec280000,0x00000000ec53d328,0x00000000ec780000)
  to   space 3584K, 0% used [0x00000000ec880000,0x00000000ec880000,0x00000000ecc00000)
 ParOldGen       total 68608K, used 19881K [0x00000000c0000000, 0x00000000c4300000, 0x00000000eab00000)
  object space 68608K, 28% used [0x00000000c0000000,0x00000000c136a4a8,0x00000000c4300000)
 Metaspace       used 32390K, committed 33472K, reserved 1114112K
  class space    used 3281K, committed 3776K, reserved 1048576K
}
Event: 1.687 GC heap before
{Heap before GC invocations=13 (full 1):
 PSYoungGen      total 29184K, used 26868K [0x00000000eab00000, 0x00000000ecc00000, 0x0000000100000000)
  eden space 24064K, 100% used [0x00000000eab00000,0x00000000ec280000,0x00000000ec280000)
  from space 5120K, 54% used [0x00000000ec280000,0x00000000ec53d328,0x00000000ec780000)
  to   space 3584K, 0% used [0x00000000ec880000,0x00000000ec880000,0x00000000ecc00000)
 ParOldGen       total 68608K, used 19881K [0x00000000c0000000, 0x00000000c4300000, 0x00000000eab00000)
  object space 68608K, 28% used [0x00000000c0000000,0x00000000c136a4a8,0x00000000c4300000)
 Metaspace       used 33687K, committed 34688K, reserved 1114112K
  class space    used 3435K, committed 3904K, reserved 1048576K
}
Event: 1.688 GC heap after
{Heap after GC invocations=13 (full 1):
 PSYoungGen      total 31232K, used 1935K [0x00000000eab00000, 0x00000000ecc00000, 0x0000000100000000)
  eden space 27648K, 0% used [0x00000000eab00000,0x00000000eab00000,0x00000000ec600000)
  from space 3584K, 53% used [0x00000000ec880000,0x00000000eca63cd8,0x00000000ecc00000)
  to   space 2560K, 0% used [0x00000000ec600000,0x00000000ec600000,0x00000000ec880000)
 ParOldGen       total 68608K, used 22452K [0x00000000c0000000, 0x00000000c4300000, 0x00000000eab00000)
  object space 68608K, 32% used [0x00000000c0000000,0x00000000c15ed3e8,0x00000000c4300000)
 Metaspace       used 33687K, committed 34688K, reserved 1114112K
  class space    used 3435K, committed 3904K, reserved 1048576K
}
Event: 1.765 GC heap before
{Heap before GC invocations=14 (full 2):
 PSYoungGen      total 31232K, used 8567K [0x00000000eab00000, 0x00000000ecc00000, 0x0000000100000000)
  eden space 27648K, 23% used [0x00000000eab00000,0x00000000eb17a068,0x00000000ec600000)
  from space 3584K, 53% used [0x00000000ec880000,0x00000000eca63cd8,0x00000000ecc00000)
  to   space 2560K, 0% used [0x00000000ec600000,0x00000000ec600000,0x00000000ec880000)
 ParOldGen       total 68608K, used 22452K [0x00000000c0000000, 0x00000000c4300000, 0x00000000eab00000)
  object space 68608K, 32% used [0x00000000c0000000,0x00000000c15ed3e8,0x00000000c4300000)
 Metaspace       used 34888K, committed 35840K, reserved 1114112K
  class space    used 3541K, committed 3968K, reserved 1048576K
}
Event: 1.778 GC heap after
{Heap after GC invocations=14 (full 2):
 PSYoungGen      total 31232K, used 0K [0x00000000eab00000, 0x00000000ecc00000, 0x0000000100000000)
  eden space 27648K, 0% used [0x00000000eab00000,0x00000000eab00000,0x00000000ec600000)
  from space 3584K, 0% used [0x00000000ec880000,0x00000000ec880000,0x00000000ecc00000)
  to   space 2560K, 0% used [0x00000000ec600000,0x00000000ec600000,0x00000000ec880000)
 ParOldGen       total 68608K, used 24565K [0x00000000c0000000, 0x00000000c4300000, 0x00000000eab00000)
  object space 68608K, 35% used [0x00000000c0000000,0x00000000c17fd540,0x00000000c4300000)
 Metaspace       used 34841K, committed 35840K, reserved 1114112K
  class space    used 3527K, committed 3968K, reserved 1048576K
}
Event: 1.814 GC heap before
{Heap before GC invocations=15 (full 2):
 PSYoungGen      total 31232K, used 27648K [0x00000000eab00000, 0x00000000ecc00000, 0x0000000100000000)
  eden space 27648K, 100% used [0x00000000eab00000,0x00000000ec600000,0x00000000ec600000)
  from space 3584K, 0% used [0x00000000ec880000,0x00000000ec880000,0x00000000ecc00000)
  to   space 2560K, 0% used [0x00000000ec600000,0x00000000ec600000,0x00000000ec880000)
 ParOldGen       total 68608K, used 24565K [0x00000000c0000000, 0x00000000c4300000, 0x00000000eab00000)
  object space 68608K, 35% used [0x00000000c0000000,0x00000000c17fd540,0x00000000c4300000)
 Metaspace       used 34949K, committed 35904K, reserved 1114112K
  class space    used 3541K, committed 3968K, reserved 1048576K
}
Event: 1.815 GC heap after
{Heap after GC invocations=15 (full 2):
 PSYoungGen      total 30208K, used 1808K [0x00000000eab00000, 0x00000000ecc00000, 0x0000000100000000)
  eden space 27648K, 0% used [0x00000000eab00000,0x00000000eab00000,0x00000000ec600000)
  from space 2560K, 70% used [0x00000000ec600000,0x00000000ec7c41e8,0x00000000ec880000)
  to   space 2048K, 0% used [0x00000000eca00000,0x00000000eca00000,0x00000000ecc00000)
 ParOldGen       total 68608K, used 24573K [0x00000000c0000000, 0x00000000c4300000, 0x00000000eab00000)
  object space 68608K, 35% used [0x00000000c0000000,0x00000000c17ff540,0x00000000c4300000)
 Metaspace       used 34949K, committed 35904K, reserved 1114112K
  class space    used 3541K, committed 3968K, reserved 1048576K
}
Event: 1.999 GC heap before
{Heap before GC invocations=16 (full 2):
 PSYoungGen      total 30208K, used 29456K [0x00000000eab00000, 0x00000000ecc00000, 0x0000000100000000)
  eden space 27648K, 100% used [0x00000000eab00000,0x00000000ec600000,0x00000000ec600000)
  from space 2560K, 70% used [0x00000000ec600000,0x00000000ec7c41e8,0x00000000ec880000)
  to   space 2048K, 0% used [0x00000000eca00000,0x00000000eca00000,0x00000000ecc00000)
 ParOldGen       total 68608K, used 24573K [0x00000000c0000000, 0x00000000c4300000, 0x00000000eab00000)
  object space 68608K, 35% used [0x00000000c0000000,0x00000000c17ff540,0x00000000c4300000)
 Metaspace       used 36935K, committed 37952K, reserved 1114112K
  class space    used 3769K, committed 4224K, reserved 1048576K
}
Event: 2.000 GC heap after
{Heap after GC invocations=16 (full 2):
 PSYoungGen      total 32256K, used 960K [0x00000000eab00000, 0x00000000ecc00000, 0x0000000100000000)
  eden space 30208K, 0% used [0x00000000eab00000,0x00000000eab00000,0x00000000ec880000)
  from space 2048K, 46% used [0x00000000eca00000,0x00000000ecaf0010,0x00000000ecc00000)
  to   space 1536K, 0% used [0x00000000ec880000,0x00000000ec880000,0x00000000eca00000)
 ParOldGen       total 68608K, used 24685K [0x00000000c0000000, 0x00000000c4300000, 0x00000000eab00000)
  object space 68608K, 35% used [0x00000000c0000000,0x00000000c181b540,0x00000000c4300000)
 Metaspace       used 36935K, committed 37952K, reserved 1114112K
  class space    used 3769K, committed 4224K, reserved 1048576K
}
Event: 2.191 GC heap before
{Heap before GC invocations=17 (full 2):
 PSYoungGen      total 32256K, used 31168K [0x00000000eab00000, 0x00000000ecc00000, 0x0000000100000000)
  eden space 30208K, 100% used [0x00000000eab00000,0x00000000ec880000,0x00000000ec880000)
  from space 2048K, 46% used [0x00000000eca00000,0x00000000ecaf0010,0x00000000ecc00000)
  to   space 1536K, 0% used [0x00000000ec880000,0x00000000ec880000,0x00000000eca00000)
 ParOldGen       total 68608K, used 24685K [0x00000000c0000000, 0x00000000c4300000, 0x00000000eab00000)
  object space 68608K, 35% used [0x00000000c0000000,0x00000000c181b540,0x00000000c4300000)
 Metaspace       used 38980K, committed 40000K, reserved 1114112K
  class space    used 3975K, committed 4416K, reserved 1048576K
}
Event: 2.192 GC heap after
{Heap after GC invocations=17 (full 2):
 PSYoungGen      total 31232K, used 1516K [0x00000000eab00000, 0x00000000ed100000, 0x0000000100000000)
  eden space 29696K, 0% used [0x00000000eab00000,0x00000000eab00000,0x00000000ec800000)
  from space 1536K, 98% used [0x00000000ec880000,0x00000000ec9fb150,0x00000000eca00000)
  to   space 4608K, 0% used [0x00000000ecc80000,0x00000000ecc80000,0x00000000ed100000)
 ParOldGen       total 68608K, used 26916K [0x00000000c0000000, 0x00000000c4300000, 0x00000000eab00000)
  object space 68608K, 39% used [0x00000000c0000000,0x00000000c1a492f8,0x00000000c4300000)
 Metaspace       used 38980K, committed 40000K, reserved 1114112K
  class space    used 3975K, committed 4416K, reserved 1048576K
}
Event: 2.244 GC heap before
{Heap before GC invocations=18 (full 2):
 PSYoungGen      total 31232K, used 31212K [0x00000000eab00000, 0x00000000ed100000, 0x0000000100000000)
  eden space 29696K, 100% used [0x00000000eab00000,0x00000000ec800000,0x00000000ec800000)
  from space 1536K, 98% used [0x00000000ec880000,0x00000000ec9fb150,0x00000000eca00000)
  to   space 4608K, 0% used [0x00000000ecc80000,0x00000000ecc80000,0x00000000ed100000)
 ParOldGen       total 68608K, used 26916K [0x00000000c0000000, 0x00000000c4300000, 0x00000000eab00000)
  object space 68608K, 39% used [0x00000000c0000000,0x00000000c1a492f8,0x00000000c4300000)
 Metaspace       used 39243K, committed 40256K, reserved 1114112K
  class space    used 3989K, committed 4480K, reserved 1048576K
}
Event: 2.245 GC heap after
{Heap after GC invocations=18 (full 2):
 PSYoungGen      total 30720K, used 1329K [0x00000000eab00000, 0x00000000ece00000, 0x0000000100000000)
  eden space 29184K, 0% used [0x00000000eab00000,0x00000000eab00000,0x00000000ec780000)
  from space 1536K, 86% used [0x00000000ecc80000,0x00000000ecdcc708,0x00000000ece00000)
  to   space 2560K, 0% used [0x00000000ec900000,0x00000000ec900000,0x00000000ecb80000)
 ParOldGen       total 68608K, used 28255K [0x00000000c0000000, 0x00000000c4300000, 0x00000000eab00000)
  object space 68608K, 41% used [0x00000000c0000000,0x00000000c1b97ef0,0x00000000c4300000)
 Metaspace       used 39243K, committed 40256K, reserved 1114112K
  class space    used 3989K, committed 4480K, reserved 1048576K
}
Event: 2.845 GC heap before
{Heap before GC invocations=19 (full 2):
 PSYoungGen      total 30720K, used 30513K [0x00000000eab00000, 0x00000000ece00000, 0x0000000100000000)
  eden space 29184K, 100% used [0x00000000eab00000,0x00000000ec780000,0x00000000ec780000)
  from space 1536K, 86% used [0x00000000ecc80000,0x00000000ecdcc708,0x00000000ece00000)
  to   space 2560K, 0% used [0x00000000ec900000,0x00000000ec900000,0x00000000ecb80000)
 ParOldGen       total 68608K, used 28255K [0x00000000c0000000, 0x00000000c4300000, 0x00000000eab00000)
  object space 68608K, 41% used [0x00000000c0000000,0x00000000c1b97ef0,0x00000000c4300000)
 Metaspace       used 40062K, committed 41088K, reserved 1114112K
  class space    used 4045K, committed 4544K, reserved 1048576K
}
Event: 2.846 GC heap after
{Heap after GC invocations=19 (full 2):
 PSYoungGen      total 33280K, used 846K [0x00000000eab00000, 0x00000000ecd00000, 0x0000000100000000)
  eden space 30720K, 0% used [0x00000000eab00000,0x00000000eab00000,0x00000000ec900000)
  from space 2560K, 33% used [0x00000000ec900000,0x00000000ec9d38c0,0x00000000ecb80000)
  to   space 1536K, 0% used [0x00000000ecb80000,0x00000000ecb80000,0x00000000ecd00000)
 ParOldGen       total 68608K, used 28671K [0x00000000c0000000, 0x00000000c4300000, 0x00000000eab00000)
  object space 68608K, 41% used [0x00000000c0000000,0x00000000c1bffef0,0x00000000c4300000)
 Metaspace       used 40062K, committed 41088K, reserved 1114112K
  class space    used 4045K, committed 4544K, reserved 1048576K
}
Event: 2.898 GC heap before
{Heap before GC invocations=20 (full 2):
 PSYoungGen      total 33280K, used 31566K [0x00000000eab00000, 0x00000000ecd00000, 0x0000000100000000)
  eden space 30720K, 100% used [0x00000000eab00000,0x00000000ec900000,0x00000000ec900000)
  from space 2560K, 33% used [0x00000000ec900000,0x00000000ec9d38c0,0x00000000ecb80000)
  to   space 1536K, 0% used [0x00000000ecb80000,0x00000000ecb80000,0x00000000ecd00000)
 ParOldGen       total 68608K, used 28671K [0x00000000c0000000, 0x00000000c4300000, 0x00000000eab00000)
  object space 68608K, 41% used [0x00000000c0000000,0x00000000c1bffef0,0x00000000c4300000)
 Metaspace       used 40310K, committed 41408K, reserved 1114112K
  class space    used 4065K, committed 4544K, reserved 1048576K
}
Event: 2.899 GC heap after
{Heap after GC invocations=20 (full 2):
 PSYoungGen      total 29696K, used 1531K [0x00000000eab00000, 0x00000000ed280000, 0x0000000100000000)
  eden space 28160K, 0% used [0x00000000eab00000,0x00000000eab00000,0x00000000ec680000)
  from space 1536K, 99% used [0x00000000ecb80000,0x00000000eccfec98,0x00000000ecd00000)
  to   space 5120K, 0% used [0x00000000ec680000,0x00000000ec680000,0x00000000ecb80000)
 ParOldGen       total 68608K, used 31460K [0x00000000c0000000, 0x00000000c4300000, 0x00000000eab00000)
  object space 68608K, 45% used [0x00000000c0000000,0x00000000c1eb9200,0x00000000c4300000)
 Metaspace       used 40310K, committed 41408K, reserved 1114112K
  class space    used 4065K, committed 4544K, reserved 1048576K
}
Event: 2.925 GC heap before
{Heap before GC invocations=21 (full 2):
 PSYoungGen      total 29696K, used 29691K [0x00000000eab00000, 0x00000000ed280000, 0x0000000100000000)
  eden space 28160K, 100% used [0x00000000eab00000,0x00000000ec680000,0x00000000ec680000)
  from space 1536K, 99% used [0x00000000ecb80000,0x00000000eccfec98,0x00000000ecd00000)
  to   space 5120K, 0% used [0x00000000ec680000,0x00000000ec680000,0x00000000ecb80000)
 ParOldGen       total 68608K, used 31460K [0x00000000c0000000, 0x00000000c4300000, 0x00000000eab00000)
  object space 68608K, 45% used [0x00000000c0000000,0x00000000c1eb9200,0x00000000c4300000)
 Metaspace       used 40390K, committed 41472K, reserved 1114112K
  class space    used 4070K, committed 4544K, reserved 1048576K
}
Event: 2.927 GC heap after
{Heap after GC invocations=21 (full 2):
 PSYoungGen      total 31232K, used 3104K [0x00000000eab00000, 0x00000000ecd00000, 0x0000000100000000)
  eden space 27648K, 0% used [0x00000000eab00000,0x00000000eab00000,0x00000000ec600000)
  from space 3584K, 86% used [0x00000000ec680000,0x00000000ec988000,0x00000000eca00000)
  to   space 3072K, 0% used [0x00000000eca00000,0x00000000eca00000,0x00000000ecd00000)
 ParOldGen       total 68608K, used 32970K [0x00000000c0000000, 0x00000000c4300000, 0x00000000eab00000)
  object space 68608K, 48% used [0x00000000c0000000,0x00000000c2032ae8,0x00000000c4300000)
 Metaspace       used 40390K, committed 41472K, reserved 1114112K
  class space    used 4070K, committed 4544K, reserved 1048576K
}

